#
# A fatal error has been detected by the Java Runtime Environment:
#
#  EXCEPTION_ACCESS_VIOLATION (0xc0000005) at pc=0x00007ffe738f4aeb, pid=17360, tid=18092
#
# JRE version: Java(TM) SE Runtime Environment (20.0.1+9) (build 20.0.1+9-29)
# Java VM: Java HotSpot(TM) 64-Bit Server VM (20.0.1+9-29, mixed mode, emulated-client, sharing, tiered, compressed oops, compressed class ptrs, g1 gc, windows-amd64)
# Problematic frame:
# V  [jvm.dll+0x5c4aeb]
#
# No core dump will be written. Minidumps are not enabled by default on client versions of Windows
#
# If you would like to submit a bug report, please visit:
#   https://bugreport.java.com/bugreport/crash.jsp
#

---------------  S U M M A R Y ------------

Command Line: -XX:TieredStopAtLevel=1 -Xverify:none -Dspring.output.ansi.enabled=always -Dcom.sun.management.jmxremote -Dspring.jmx.enabled=true -Dspring.liveBeansView.mbeanDomain -Dspring.application.admin.enabled=true -javaagent:C:\Program Files\JetBrains\IntelliJ IDEA 2022.1\lib\idea_rt.jar=54639:C:\Program Files\JetBrains\IntelliJ IDEA 2022.1\bin -Dfile.encoding=UTF-8 com.baber.discoveryserver.DiscoveryServerApplication

Host: 12th Gen Intel(R) Core(TM) i5-1235U, 12 cores, 15G,  Windows 11 , 64 bit Build 22621 (10.0.22621.2428)
Time: Tue Oct 17 23:38:44 2023 Sri Lanka Standard Time elapsed time: 41026.653990 seconds (0d 11h 23m 46s)

---------------  T H R E A D  ---------------

Current thread (0x000002bad9ab5280):  VMThread "VM Thread" [stack: 0x000000f0e7000000,0x000000f0e7100000] [id=18092]

Stack: [0x000000f0e7000000,0x000000f0e7100000],  sp=0x000000f0e70fe2d0,  free space=1016k
Native frames: (J=compiled Java code, j=interpreted, Vv=VM code, C=native code)
V  [jvm.dll+0x5c4aeb]
V  [jvm.dll+0x5c5a82]
V  [jvm.dll+0x7c0192]
V  [jvm.dll+0x3390f0]
V  [jvm.dll+0x337cf7]
V  [jvm.dll+0x371a5a]
V  [jvm.dll+0x85023e]
V  [jvm.dll+0x851351]
V  [jvm.dll+0x851859]
V  [jvm.dll+0x851ad3]
V  [jvm.dll+0x7f4b56]
V  [jvm.dll+0x6ba5cb]
C  [ucrtbase.dll+0x29363]
C  [KERNEL32.DLL+0x1257d]
C  [ntdll.dll+0x5aa78]


siginfo: EXCEPTION_ACCESS_VIOLATION (0xc0000005), reading address 0xffffffffffffffff


Registers:
RAX=0x000002badeb48ee0, RBX=0x000002bad9abb0c8, RCX=0x000002badeb5a010, RDX=0x0000000000000000
RSP=0x000000f0e70fe2d0, RBP=0x0000000000000068, RSI=0x0000000000000000, RDI=0x000002badeb598f8
R8 =0x000002badeb59900, R9 =0x0000000000000001, R10=0x0000000000000055, R11=0x000000f0e70fe348
R12=0x0000000000000019, R13=0x0000000000000000, R14=0xfe1e000000338060, R15=0x0000000000000028
RIP=0x00007ffe738f4aeb, EFLAGS=0x0000000000010246


Register to memory mapping:

RIP=0x00007ffe738f4aeb jvm.dll
RAX=0x000002badeb48ee0 points into unknown readable memory: 0x0000000500000001 | 01 00 00 00 05 00 00 00
RBX=0x000002bad9abb0c8 points into unknown readable memory: 0x000002bad9974240 | 40 42 97 d9 ba 02 00 00
RCX=0x000002badeb5a010 points into unknown readable memory: 0xfe1e000000338060 | 60 80 33 00 00 00 1e fe
RDX=0x0 is NULL
RSP=0x000000f0e70fe2d0 points into unknown readable memory: 0x000002bac66b73b0 | b0 73 6b c6 ba 02 00 00
RBP=0x0000000000000068 is an unknown value
RSI=0x0 is NULL
RDI=0x000002badeb598f8 points into unknown readable memory: 0x000000080048c798 | 98 c7 48 00 08 00 00 00
R8 =0x000002badeb59900 points into unknown readable memory: 0x000002badeb48ee0 | e0 8e b4 de ba 02 00 00
R9 =0x0000000000000001 is an unknown value
R10=0x0000000000000055 is an unknown value
R11=0x000000f0e70fe348 points into unknown readable memory: 0x00007ffe738f5a82 | 82 5a 8f 73 fe 7f 00 00
R12=0x0000000000000019 is an unknown value
R13=0x0 is NULL
R14=0xfe1e000000338060 is an unknown value
R15=0x0000000000000028 is an unknown value


Top of Stack: (sp=0x000000f0e70fe2d0)
0x000000f0e70fe2d0:   000002bac66b73b0 00007ffe739e4e9f
0x000000f0e70fe2e0:   000000f0e70fe370 000000f00000000a
0x000000f0e70fe2f0:   000002bad9abb0c8 ffffffffffffffff
0x000000f0e70fe300:   0000000000000000 0000000000000001
0x000000f0e70fe310:   000002bac66a2240 0000000000000001
0x000000f0e70fe320:   0000000000000000 0000000000000019
0x000000f0e70fe330:   00007ffe73ee6c00 00007ffe73ee6c00
0x000000f0e70fe340:   000002badeb598f0 00007ffe738f5a82
0x000000f0e70fe350:   0000000000000000 000002badeb598f8
0x000000f0e70fe360:   000002badeb59900 00007ffe00000000
0x000000f0e70fe370:   000002bac66a2240 0000000000000001
0x000000f0e70fe380:   000002bac6733390 000002bad9aa6ee0
0x000000f0e70fe390:   0000000000000000 00007ffe73af0192
0x000000f0e70fe3a0:   0000000000000000 0000000000000000
0x000000f0e70fe3b0:   000000f0e70fe600 0000000000000000
0x000000f0e70fe3c0:   0000000000000000 000000f0e70fe490
0x000000f0e70fe3d0:   00007ffe73c97100 00007ffe736a9600
0x000000f0e70fe3e0:   00007ffe73d1ba60 000002000000000d
0x000000f0e70fe3f0:   302e302000000002 00007ffe73ed6c90
0x000000f0e70fe400:   000000f000000002 00007ffe73ed6d00
0x000000f0e70fe410:   ffffffffffffffff 0000000000000000
0x000000f0e70fe420:   0000000000000000 00007ffe73c97118
0x000000f0e70fe430:   00007ffe73d1ba60 000002bac66a2240
0x000000f0e70fe440:   0000000000000000 000000f0e70fe428
0x000000f0e70fe450:   0000000000000000 00007ffe739e4e9f
0x000000f0e70fe460:   000000f0e70fe4e0 0000000000000000
0x000000f0e70fe470:   000000f0e70fea10 00007ffe7357230c
0x000000f0e70fe480:   00000067c6168842 00007ffe735722b2
0x000000f0e70fe490:   00000067c616883b 00007ffe00000000
0x000000f0e70fe4a0:   000000f0e70fea10 00007ffe73663409
0x000000f0e70fe4b0:   000000f0e70fe9f0 00007ffe7357219d
0x000000f0e70fe4c0:   000000f0e70fe5c0 00007ffe73b8cd38 

Instructions: (pc=0x00007ffe738f4aeb)
0x00007ffe738f49eb:   ff eb 07 48 8b 05 6b 0d 5e 00 48 8b c8 e8 c3 1a
0x00007ffe738f49fb:   c6 ff 49 8b ce 48 8b d8 e8 e8 0b 1f 00 48 8b d0
0x00007ffe738f4a0b:   48 8d 0d 4e db 3f 00 4c 8b c3 e8 e6 46 d3 ff 48
0x00007ffe738f4a1b:   83 3e 00 74 13 49 8b d4 48 8b cf e8 35 e6 af ff
0x00007ffe738f4a2b:   48 8b ce e8 3d e5 af ff 4c 8b a4 24 80 00 00 00
0x00007ffe738f4a3b:   48 39 6f 18 74 0c 48 89 77 10 48 89 6f 18 4c 89
0x00007ffe738f4a4b:   7f 20 48 8b 74 24 78 48 8b 6c 24 70 4c 8b bc 24
0x00007ffe738f4a5b:   88 00 00 00 b0 01 48 83 c4 50 41 5e 5f 5b c3 cc
0x00007ffe738f4a6b:   cc cc cc cc cc 4c 8b dc 4d 89 43 18 49 89 53 10
0x00007ffe738f4a7b:   57 48 83 ec 70 49 8b 00 48 8b fa 8b 08 83 e9 01
0x00007ffe738f4a8b:   48 63 d1 48 89 54 24 30 0f 88 15 05 00 00 8b 0d
0x00007ffe738f4a9b:   29 f4 62 00 65 48 8b 04 25 58 00 00 00 49 89 5b
0x00007ffe738f4aab:   08 49 89 6b f0 49 89 73 e8 33 f6 4d 89 63 e0 48
0x00007ffe738f4abb:   8d 1c c8 4d 89 6b d8 4d 89 73 d0 4d 89 7b c8 48
0x00007ffe738f4acb:   89 5c 24 20 41 bf 28 00 00 00 bd 68 00 00 00 66
0x00007ffe738f4adb:   0f 1f 44 00 00 49 8b 00 48 8b 48 08 4c 8b 34 d1
0x00007ffe738f4aeb:   49 8b 0e 48 85 c9 0f 84 e1 00 00 00 48 8b 89 98
0x00007ffe738f4afb:   00 00 00 e8 2d 16 c6 ff 84 c0 0f 85 cd 00 00 00
0x00007ffe738f4b0b:   49 89 36 48 83 3d 5a a6 5e 00 00 0f 84 bc 00 00
0x00007ffe738f4b1b:   00 48 8b 1b 8b c5 80 3c 18 00 75 05 e8 74 11 2e
0x00007ffe738f4b2b:   00 41 8b c7 48 8b 0c 18 48 8b b1 50 02 00 00 48
0x00007ffe738f4b3b:   8b 0f 48 8b 6e 10 4c 8b 7e 18 4c 8b 6e 20 4c 8b
0x00007ffe738f4b4b:   66 28 e8 9e 0a 1f 00 48 8b d0 48 8d 0d b4 d6 3f
0x00007ffe738f4b5b:   00 e8 9f 45 d3 ff 49 8b 46 08 33 db 39 18 7e 31
0x00007ffe738f4b6b:   33 ff 0f 1f 00 48 8b 40 08 48 8b 0c 07 e8 43 19
0x00007ffe738f4b7b:   c6 ff 4c 8b c0 48 8d 0d c9 d6 3f 00 8b d3 e8 72
0x00007ffe738f4b8b:   45 d3 ff 49 8b 46 08 48 8d 7f 08 ff c3 3b 18 7c
0x00007ffe738f4b9b:   d4 48 83 7d 00 00 74 13 49 8b d4 48 8b ce e8 b2
0x00007ffe738f4bab:   e4 af ff 48 8b cd e8 ba e3 af ff 48 8b 5c 24 20
0x00007ffe738f4bbb:   4c 39 7e 18 74 0c 48 89 6e 10 4c 89 7e 18 4c 89
0x00007ffe738f4bcb:   6e 20 41 bf 28 00 00 00 bd 68 00 00 00 49 8b 46
0x00007ffe738f4bdb:   08 8b 30 89 b4 24 98 00 00 00 8d 46 ff 48 63 f8 


Stack slot to memory mapping:
stack at sp + 0 slots: 0x000002bac66b73b0 points into unknown readable memory: 0x00007ffe73d4caf8 | f8 ca d4 73 fe 7f 00 00
stack at sp + 1 slots: 0x00007ffe739e4e9f jvm.dll
stack at sp + 2 slots: 0x000000f0e70fe370 points into unknown readable memory: 0x000002bac66a2240 | 40 22 6a c6 ba 02 00 00
stack at sp + 3 slots: 0x000000f00000000a is an unknown value
stack at sp + 4 slots: 0x000002bad9abb0c8 points into unknown readable memory: 0x000002bad9974240 | 40 42 97 d9 ba 02 00 00
stack at sp + 5 slots: 0xffffffffffffffff is an unknown value
stack at sp + 6 slots: 0x0 is NULL
stack at sp + 7 slots: 0x0000000000000001 is an unknown value

VM_Operation (0x000000f0e6cff880): G1PauseRemark, mode: safepoint, requested by thread 0x000002bac671f680


---------------  P R O C E S S  ---------------

Threads class SMR info:
_java_thread_list=0x000002bade847220, length=36, elements={
0x000002bad9acdbb0, 0x000002bad9ace9b0, 0x000002bade004a70, 0x000002bade009ea0,
0x000002bade008960, 0x000002bade008410, 0x000002bade01c650, 0x000002bade00b3e0,
0x000002bade007ec0, 0x000002bade008eb0, 0x000002bade00ae90, 0x000002bade00a940,
0x000002badf238b70, 0x000002badf23e5c0, 0x000002badf23b0a0, 0x000002badf23e070,
0x000002badf2390c0, 0x000002badf239b60, 0x000002badf23d5d0, 0x000002badf239610,
0x000002badf23c5e0, 0x000002badf23cb30, 0x000002badf23b5f0, 0x000002badf23d080,
0x000002badf23f5b0, 0x000002badf23bb40, 0x000002badf23a0b0, 0x000002badf23a600,
0x000002badf23eb10, 0x000002badf23ab50, 0x000002badf2405a0, 0x000002badf23db20,
0x000002badf23c090, 0x000002badf23f060, 0x000002badf23fb00, 0x000002badf240050
}

Java Threads: ( => current thread )
  0x000002bad9acdbb0 JavaThread "Reference Handler" daemon [_thread_blocked, id=16948, stack(0x000000f0e7100000,0x000000f0e7200000)]
  0x000002bad9ace9b0 JavaThread "Finalizer" daemon [_thread_blocked, id=15832, stack(0x000000f0e7200000,0x000000f0e7300000)]
  0x000002bade004a70 JavaThread "Signal Dispatcher" daemon [_thread_blocked, id=17556, stack(0x000000f0e7300000,0x000000f0e7400000)]
  0x000002bade009ea0 JavaThread "Attach Listener" daemon [_thread_blocked, id=15844, stack(0x000000f0e7400000,0x000000f0e7500000)]
  0x000002bade008960 JavaThread "Service Thread" daemon [_thread_blocked, id=17676, stack(0x000000f0e7500000,0x000000f0e7600000)]
  0x000002bade008410 JavaThread "Monitor Deflation Thread" daemon [_thread_blocked, id=16312, stack(0x000000f0e7600000,0x000000f0e7700000)]
  0x000002bade01c650 JavaThread "C1 CompilerThread0" daemon [_thread_blocked, id=17888, stack(0x000000f0e7700000,0x000000f0e7800000)]
  0x000002bade00b3e0 JavaThread "Common-Cleaner" daemon [_thread_blocked, id=18184, stack(0x000000f0e7900000,0x000000f0e7a00000)]
  0x000002bade007ec0 JavaThread "Monitor Ctrl-Break" daemon [_thread_in_native, id=3140, stack(0x000000f0e7b00000,0x000000f0e7c00000)]
  0x000002bade008eb0 JavaThread "Notification Thread" daemon [_thread_blocked, id=13836, stack(0x000000f0e7c00000,0x000000f0e7d00000)]
  0x000002bade00ae90 JavaThread "RMI TCP Accept-0" daemon [_thread_in_native, id=3184, stack(0x000000f0e7d00000,0x000000f0e7e00000)]
  0x000002bade00a940 JavaThread "Catalina-utility-1" [_thread_blocked, id=16824, stack(0x000000f0e8b00000,0x000000f0e8c00000)]
  0x000002badf238b70 JavaThread "Catalina-utility-2" [_thread_blocked, id=17744, stack(0x000000f0e8c00000,0x000000f0e8d00000)]
  0x000002badf23e5c0 JavaThread "container-0" [_thread_blocked, id=17016, stack(0x000000f0e8d00000,0x000000f0e8e00000)]
  0x000002badf23b0a0 JavaThread "spring.cloud.inetutils" daemon [_thread_blocked, id=17628, stack(0x000000f0e8e00000,0x000000f0e8f00000)]
  0x000002badf23e070 JavaThread "Eureka-DeltaRetentionTimer" daemon [_thread_blocked, id=17576, stack(0x000000f0e8f00000,0x000000f0e9000000)]
  0x000002badf2390c0 JavaThread "Eureka-EvictionTimer" daemon [_thread_blocked, id=15424, stack(0x000000f0e9000000,0x000000f0e9100000)]
  0x000002badf239b60 JavaThread "Eureka-MeasureRateTimer" daemon [_thread_blocked, id=17596, stack(0x000000f0e9100000,0x000000f0e9200000)]
  0x000002badf23d5d0 JavaThread "ReplicaAwareInstanceRegistry - RenewalThresholdUpdater" daemon [_thread_blocked, id=17764, stack(0x000000f0e9200000,0x000000f0e9300000)]
  0x000002badf239610 JavaThread "Eureka-MeasureRateTimer" daemon [_thread_blocked, id=17944, stack(0x000000f0e9300000,0x000000f0e9400000)]
  0x000002badf23c5e0 JavaThread "Eureka-PeerNodesUpdater" daemon [_thread_blocked, id=18252, stack(0x000000f0e9400000,0x000000f0e9500000)]
  0x000002badf23cb30 JavaThread "Eureka-CacheFillTimer" daemon [_thread_blocked, id=17448, stack(0x000000f0e9500000,0x000000f0e9600000)]
  0x000002badf23b5f0 JavaThread "http-nio-8761-exec-1" daemon [_thread_blocked, id=17368, stack(0x000000f0e9700000,0x000000f0e9800000)]
  0x000002badf23d080 JavaThread "http-nio-8761-exec-2" daemon [_thread_blocked, id=17236, stack(0x000000f0e9800000,0x000000f0e9900000)]
  0x000002badf23f5b0 JavaThread "http-nio-8761-exec-3" daemon [_thread_blocked, id=17528, stack(0x000000f0e9900000,0x000000f0e9a00000)]
  0x000002badf23bb40 JavaThread "http-nio-8761-exec-4" daemon [_thread_blocked, id=17936, stack(0x000000f0e9a00000,0x000000f0e9b00000)]
  0x000002badf23a0b0 JavaThread "http-nio-8761-exec-5" daemon [_thread_blocked, id=16984, stack(0x000000f0e9b00000,0x000000f0e9c00000)]
  0x000002badf23a600 JavaThread "http-nio-8761-exec-6" daemon [_thread_blocked, id=7300, stack(0x000000f0e9c00000,0x000000f0e9d00000)]
  0x000002badf23eb10 JavaThread "http-nio-8761-exec-7" daemon [_thread_blocked, id=17516, stack(0x000000f0e9d00000,0x000000f0e9e00000)]
  0x000002badf23ab50 JavaThread "http-nio-8761-exec-8" daemon [_thread_blocked, id=17920, stack(0x000000f0e9e00000,0x000000f0e9f00000)]
  0x000002badf2405a0 JavaThread "http-nio-8761-exec-9" daemon [_thread_blocked, id=17500, stack(0x000000f0e9f00000,0x000000f0ea000000)]
  0x000002badf23db20 JavaThread "http-nio-8761-exec-10" daemon [_thread_blocked, id=18052, stack(0x000000f0ea000000,0x000000f0ea100000)]
  0x000002badf23c090 JavaThread "http-nio-8761-Poller" daemon [_thread_in_native, id=16176, stack(0x000000f0e9600000,0x000000f0e9700000)]
  0x000002badf23f060 JavaThread "http-nio-8761-Acceptor" daemon [_thread_in_native, id=16152, stack(0x000000f0ea100000,0x000000f0ea200000)]
  0x000002badf23fb00 JavaThread "DestroyJavaVM" [_thread_blocked, id=14524, stack(0x000000f0e6a00000,0x000000f0e6b00000)]
  0x000002badf240050 JavaThread "AsyncReporter{org.springframework.boot.actuate.autoconfigure.tracing.zipkin.ZipkinRestTemplateSender@6ba6cdf6}" daemon [_thread_blocked, id=17376, stack(0x000000f0e7a00000,0x000000f0e7b00000)]

Other Threads:
=>0x000002bad9ab5280 VMThread "VM Thread" [stack: 0x000000f0e7000000,0x000000f0e7100000] [id=18092]
  0x000002bac66a3420 WatcherThread "VM Periodic Task Thread" [stack: 0x000000f0e7e00000,0x000000f0e7f00000] [id=10208]
  0x000002bac670eca0 WorkerThread "GC Thread#0" [stack: 0x000000f0e6b00000,0x000000f0e6c00000] [id=18424]
  0x000002badeac4050 WorkerThread "GC Thread#1" [stack: 0x000000f0e7f00000,0x000000f0e8000000] [id=3768]
  0x000002badea97c60 WorkerThread "GC Thread#2" [stack: 0x000000f0e8000000,0x000000f0e8100000] [id=11400]
  0x000002badeae5820 WorkerThread "GC Thread#3" [stack: 0x000000f0e8100000,0x000000f0e8200000] [id=14604]
  0x000002badeae5f00 WorkerThread "GC Thread#4" [stack: 0x000000f0e8200000,0x000000f0e8300000] [id=12068]
  0x000002badeaf2020 WorkerThread "GC Thread#5" [stack: 0x000000f0e8300000,0x000000f0e8400000] [id=12100]
  0x000002badeaf1210 WorkerThread "GC Thread#6" [stack: 0x000000f0e8400000,0x000000f0e8500000] [id=1960]
  0x000002badeaf1a80 WorkerThread "GC Thread#7" [stack: 0x000000f0e8500000,0x000000f0e8600000] [id=4128]
  0x000002badeaf25c0 WorkerThread "GC Thread#8" [stack: 0x000000f0e8600000,0x000000f0e8700000] [id=15872]
  0x000002badeaf2890 WorkerThread "GC Thread#9" [stack: 0x000000f0e8800000,0x000000f0e8900000] [id=3376]
  0x000002bac671f680 ConcurrentGCThread "G1 Main Marker" [stack: 0x000000f0e6c00000,0x000000f0e6d00000] [id=16404]
  0x000002bac6720250 WorkerThread "G1 Conc#0" [stack: 0x000000f0e6d00000,0x000000f0e6e00000] [id=17004]
  0x000002badeaf14e0 WorkerThread "G1 Conc#1" [stack: 0x000000f0e8700000,0x000000f0e8800000] [id=1844]
  0x000002badeaf2b60 WorkerThread "G1 Conc#2" [stack: 0x000000f0e8a00000,0x000000f0e8b00000] [id=11920]
  0x000002bac674e8e0 ConcurrentGCThread "G1 Refine#0" [stack: 0x000000f0e6e00000,0x000000f0e6f00000] [id=17704]
  0x000002bad9973460 ConcurrentGCThread "G1 Service" [stack: 0x000000f0e6f00000,0x000000f0e7000000] [id=17960]

Threads with active compile tasks:

VM state: at safepoint (normal execution)

VM Mutex/Monitor currently owned by a thread:  ([mutex/lock_event])
[0x000002bac669bc00] Threads_lock - owner thread: 0x000002bad9ab5280
[0x000002bac669bf60] Heap_lock - owner thread: 0x000002bac671f680

Heap address: 0x0000000705200000, size: 4014 MB, Compressed Oops mode: Zero based, Oop shift amount: 3

CDS archive(s) mapped at: [0x0000000800000000-0x0000000800c60000-0x0000000800c60000), size 12976128, SharedBaseAddress: 0x0000000800000000, ArchiveRelocationMode: 0.
Compressed class space mapped at: 0x0000000801000000-0x0000000841000000, reserved size: 1073741824
Narrow klass base: 0x0000000800000000, Narrow klass shift: 0, Narrow klass range: 0x100000000

GC Precious Log:
 CardTable entry size: 512
 Card Set container configuration: InlinePtr #cards 4 size 8 Array Of Cards #cards 16 size 48 Howl #buckets 8 coarsen threshold 3686 Howl Bitmap #cards 512 size 80 coarsen threshold 460 Card regions per heap region 1 cards per card region 4096
 CPUs: 12 total, 12 available
 Memory: 16055M
 Large Page Support: Disabled
 NUMA Support: Disabled
 Compressed Oops: Enabled (Zero based)
 Heap Region Size: 2M
 Heap Min Capacity: 8M
 Heap Initial Capacity: 252M
 Heap Max Capacity: 4014M
 Pre-touch: Disabled
 Parallel Workers: 10
 Concurrent Workers: 3
 Concurrent Refinement Workers: 10
 Periodic GC: Disabled

Heap:
 garbage-first heap   total 116736K, used 30553K [0x0000000705200000, 0x0000000800000000)
  region size 2048K, 2 young (4096K), 1 survivors (2048K)
 Metaspace       used 50639K, committed 51840K, reserved 1114112K
  class space    used 6992K, committed 7488K, reserved 1048576K

Heap Regions: E=young(eden), S=young(survivor), O=old, HS=humongous(starts), HC=humongous(continues), CS=collection set, F=free, OA=open archive, CA=closed archive, TAMS=top-at-mark-start, PB=parsable bottom
|   0|0x0000000705200000, 0x0000000705400000, 0x0000000705400000|100%| O|  |TAMS 0x0000000705400000| PB 0x0000000705200000| Untracked 
|   1|0x0000000705400000, 0x0000000705600000, 0x0000000705600000|100%| O|  |TAMS 0x0000000705600000| PB 0x0000000705400000| Untracked 
|   2|0x0000000705600000, 0x0000000705800000, 0x0000000705800000|100%| O|  |TAMS 0x0000000705800000| PB 0x0000000705600000| Untracked 
|   3|0x0000000705800000, 0x0000000705a00000, 0x0000000705a00000|100%| O|  |TAMS 0x0000000705a00000| PB 0x0000000705800000| Untracked 
|   4|0x0000000705a00000, 0x0000000705bbb200, 0x0000000705c00000| 86%| O|  |TAMS 0x0000000705bbb200| PB 0x0000000705a00000| Untracked 
|   5|0x0000000705c00000, 0x0000000705e00000, 0x0000000705e00000|100%| O|  |TAMS 0x0000000705e00000| PB 0x0000000705c00000| Untracked 
|   6|0x0000000705e00000, 0x0000000706000000, 0x0000000706000000|100%| O|  |TAMS 0x0000000706000000| PB 0x0000000705e00000| Untracked 
|   7|0x0000000706000000, 0x0000000706200000, 0x0000000706200000|100%| O|  |TAMS 0x0000000706200000| PB 0x0000000706000000| Untracked 
|   8|0x0000000706200000, 0x0000000706400000, 0x0000000706400000|100%| O|  |TAMS 0x0000000706400000| PB 0x0000000706200000| Untracked 
|   9|0x0000000706400000, 0x0000000706600000, 0x0000000706600000|100%| O|  |TAMS 0x0000000706600000| PB 0x0000000706400000| Untracked 
|  10|0x0000000706600000, 0x0000000706800000, 0x0000000706800000|100%| O|  |TAMS 0x0000000706800000| PB 0x0000000706600000| Untracked 
|  11|0x0000000706800000, 0x0000000706a00000, 0x0000000706a00000|100%| O|  |TAMS 0x0000000706a00000| PB 0x0000000706800000| Untracked 
|  12|0x0000000706a00000, 0x0000000706a00000, 0x0000000706c00000|  0%| F|  |TAMS 0x0000000706a00000| PB 0x0000000706a00000| Untracked 
|  13|0x0000000706c00000, 0x0000000706e00000, 0x0000000706e00000|100%| O|  |TAMS 0x0000000706e00000| PB 0x0000000706c00000| Untracked 
|  14|0x0000000706e00000, 0x0000000707000000, 0x0000000707000000|100%| O|  |TAMS 0x0000000707000000| PB 0x0000000706e00000| Untracked 
|  15|0x0000000707000000, 0x0000000707000000, 0x0000000707200000|  0%| F|  |TAMS 0x0000000707000000| PB 0x0000000707000000| Untracked 
|  16|0x0000000707200000, 0x0000000707400000, 0x0000000707400000|100%| O|  |TAMS 0x0000000707400000| PB 0x0000000707200000| Untracked 
|  17|0x0000000707400000, 0x0000000707400000, 0x0000000707600000|  0%| F|  |TAMS 0x0000000707400000| PB 0x0000000707400000| Untracked 
|  18|0x0000000707600000, 0x0000000707600000, 0x0000000707800000|  0%| F|  |TAMS 0x0000000707600000| PB 0x0000000707600000| Untracked 
|  19|0x0000000707800000, 0x0000000707800000, 0x0000000707a00000|  0%| F|  |TAMS 0x0000000707800000| PB 0x0000000707800000| Untracked 
|  20|0x0000000707a00000, 0x0000000707a00000, 0x0000000707c00000|  0%| F|  |TAMS 0x0000000707a00000| PB 0x0000000707a00000| Untracked 
|  21|0x0000000707c00000, 0x0000000707c00000, 0x0000000707e00000|  0%| F|  |TAMS 0x0000000707c00000| PB 0x0000000707c00000| Untracked 
|  22|0x0000000707e00000, 0x0000000707e1b3e0, 0x0000000708000000|  5%| S|CS|TAMS 0x0000000707e00000| PB 0x0000000707e00000| Complete 
|  23|0x0000000708000000, 0x0000000708000000, 0x0000000708200000|  0%| F|  |TAMS 0x0000000708000000| PB 0x0000000708000000| Untracked 
|  24|0x0000000708200000, 0x0000000708200000, 0x0000000708400000|  0%| F|  |TAMS 0x0000000708200000| PB 0x0000000708200000| Untracked 
|  25|0x0000000708400000, 0x0000000708400000, 0x0000000708600000|  0%| F|  |TAMS 0x0000000708400000| PB 0x0000000708400000| Untracked 
|  26|0x0000000708600000, 0x0000000708600000, 0x0000000708800000|  0%| F|  |TAMS 0x0000000708600000| PB 0x0000000708600000| Untracked 
|  27|0x0000000708800000, 0x0000000708800000, 0x0000000708a00000|  0%| F|  |TAMS 0x0000000708800000| PB 0x0000000708800000| Untracked 
|  28|0x0000000708a00000, 0x0000000708a00000, 0x0000000708c00000|  0%| F|  |TAMS 0x0000000708a00000| PB 0x0000000708a00000| Untracked 
|  29|0x0000000708c00000, 0x0000000708c00000, 0x0000000708e00000|  0%| F|  |TAMS 0x0000000708c00000| PB 0x0000000708c00000| Untracked 
|  30|0x0000000708e00000, 0x0000000708e00000, 0x0000000709000000|  0%| F|  |TAMS 0x0000000708e00000| PB 0x0000000708e00000| Untracked 
|  31|0x0000000709000000, 0x0000000709000000, 0x0000000709200000|  0%| F|  |TAMS 0x0000000709000000| PB 0x0000000709000000| Untracked 
|  32|0x0000000709200000, 0x0000000709200000, 0x0000000709400000|  0%| F|  |TAMS 0x0000000709200000| PB 0x0000000709200000| Untracked 
|  33|0x0000000709400000, 0x0000000709400000, 0x0000000709600000|  0%| F|  |TAMS 0x0000000709400000| PB 0x0000000709400000| Untracked 
|  34|0x0000000709600000, 0x0000000709600000, 0x0000000709800000|  0%| F|  |TAMS 0x0000000709600000| PB 0x0000000709600000| Untracked 
|  35|0x0000000709800000, 0x0000000709800000, 0x0000000709a00000|  0%| F|  |TAMS 0x0000000709800000| PB 0x0000000709800000| Untracked 
|  36|0x0000000709a00000, 0x0000000709a00000, 0x0000000709c00000|  0%| F|  |TAMS 0x0000000709a00000| PB 0x0000000709a00000| Untracked 
|  37|0x0000000709c00000, 0x0000000709c00000, 0x0000000709e00000|  0%| F|  |TAMS 0x0000000709c00000| PB 0x0000000709c00000| Untracked 
|  38|0x0000000709e00000, 0x0000000709e00000, 0x000000070a000000|  0%| F|  |TAMS 0x0000000709e00000| PB 0x0000000709e00000| Untracked 
|  39|0x000000070a000000, 0x000000070a000000, 0x000000070a200000|  0%| F|  |TAMS 0x000000070a000000| PB 0x000000070a000000| Untracked 
|  40|0x000000070a200000, 0x000000070a200000, 0x000000070a400000|  0%| F|  |TAMS 0x000000070a200000| PB 0x000000070a200000| Untracked 
|  41|0x000000070a400000, 0x000000070a400000, 0x000000070a600000|  0%| F|  |TAMS 0x000000070a400000| PB 0x000000070a400000| Untracked 
|  42|0x000000070a600000, 0x000000070a600000, 0x000000070a800000|  0%| F|  |TAMS 0x000000070a600000| PB 0x000000070a600000| Untracked 
|  43|0x000000070a800000, 0x000000070a800000, 0x000000070aa00000|  0%| F|  |TAMS 0x000000070a800000| PB 0x000000070a800000| Untracked 
|  44|0x000000070aa00000, 0x000000070aa00000, 0x000000070ac00000|  0%| F|  |TAMS 0x000000070aa00000| PB 0x000000070aa00000| Untracked 
|  45|0x000000070ac00000, 0x000000070ac00000, 0x000000070ae00000|  0%| F|  |TAMS 0x000000070ac00000| PB 0x000000070ac00000| Untracked 
|  46|0x000000070ae00000, 0x000000070ae00000, 0x000000070b000000|  0%| F|  |TAMS 0x000000070ae00000| PB 0x000000070ae00000| Untracked 
|  47|0x000000070b000000, 0x000000070b000000, 0x000000070b200000|  0%| F|  |TAMS 0x000000070b000000| PB 0x000000070b000000| Untracked 
|  48|0x000000070b200000, 0x000000070b200000, 0x000000070b400000|  0%| F|  |TAMS 0x000000070b200000| PB 0x000000070b200000| Untracked 
|  49|0x000000070b400000, 0x000000070b400000, 0x000000070b600000|  0%| F|  |TAMS 0x000000070b400000| PB 0x000000070b400000| Untracked 
|  50|0x000000070b600000, 0x000000070b600000, 0x000000070b800000|  0%| F|  |TAMS 0x000000070b600000| PB 0x000000070b600000| Untracked 
|  51|0x000000070b800000, 0x000000070b800000, 0x000000070ba00000|  0%| F|  |TAMS 0x000000070b800000| PB 0x000000070b800000| Untracked 
|  52|0x000000070ba00000, 0x000000070ba00000, 0x000000070bc00000|  0%| F|  |TAMS 0x000000070ba00000| PB 0x000000070ba00000| Untracked 
|  53|0x000000070bc00000, 0x000000070bc00000, 0x000000070be00000|  0%| F|  |TAMS 0x000000070bc00000| PB 0x000000070bc00000| Untracked 
|  54|0x000000070be00000, 0x000000070be00000, 0x000000070c000000|  0%| F|  |TAMS 0x000000070be00000| PB 0x000000070be00000| Untracked 
|  55|0x000000070c000000, 0x000000070c000000, 0x000000070c200000|  0%| F|  |TAMS 0x000000070c000000| PB 0x000000070c000000| Untracked 
| 125|0x0000000714c00000, 0x0000000714cc6210, 0x0000000714e00000| 38%| E|  |TAMS 0x0000000714c00000| PB 0x0000000714c00000| Complete 

Card table byte_map: [0x000002bad2250000,0x000002bad2a30000] _byte_map_base: 0x000002bacea27000

Marking Bits: (CMBitMap*) 0x000002bac670f2d0
 Bits: [0x000002bad3210000, 0x000002bad70c8000)

Polling page: 0x000002bac4620000

Metaspace:

Usage:
  Non-class:     42.62 MB used.
      Class:      6.83 MB used.
       Both:     49.45 MB used.

Virtual space:
  Non-class space:       64.00 MB reserved,      43.31 MB ( 68%) committed,  1 nodes.
      Class space:        1.00 GB reserved,       7.31 MB ( <1%) committed,  1 nodes.
             Both:        1.06 GB reserved,      50.62 MB (  5%) committed. 

Chunk freelists:
   Non-Class:  624.00 KB
       Class:  880.00 KB
        Both:  1.47 MB

MaxMetaspaceSize: unlimited
CompressedClassSpaceSize: 1.00 GB
Initial GC threshold: 21.00 MB
Current GC threshold: 84.38 MB
CDS: on
MetaspaceReclaimPolicy: balanced
 - commit_granule_bytes: 65536.
 - commit_granule_words: 8192.
 - virtual_space_node_default_size: 8388608.
 - enlarge_chunks_in_place: 1.
 - new_chunks_are_fully_committed: 0.
 - uncommit_free_chunks: 1.
 - use_allocation_guard: 0.


Internal statistics:

num_allocs_failed_limit: 6.
num_arena_births: 1548.
num_arena_deaths: 826.
num_vsnodes_births: 2.
num_vsnodes_deaths: 0.
num_space_committed: 810.
num_space_uncommitted: 0.
num_chunks_returned_to_freelist: 1030.
num_chunks_taken_from_freelist: 3565.
num_chunk_merges: 132.
num_chunk_splits: 2079.
num_chunks_enlarged: 1535.
num_inconsistent_stats: 0.

CodeCache: size=49152Kb used=10878Kb max_used=14950Kb free=38273Kb
 bounds [0x000002bace740000, 0x000002bacf650000, 0x000002bad1740000]
 total_blobs=5589 nmethods=4954 adapters=559
 compilation: enabled
              stopped_count=0, restarted_count=0
 full_count=0

Compilation events (20 events):
Event: 35748.806 Thread 0x000002badea57740 11185       1       java.lang.reflect.AccessibleObject::setAccessible0 (7 bytes)
Event: 35748.806 Thread 0x000002bade01c650 11187       1       java.lang.invoke.DirectMethodHandle$Holder::newInvokeSpecial (20 bytes)
Event: 35748.806 Thread 0x000002badea57740 nmethod 11185 0x000002bacf392190 code [0x000002bacf392300, 0x000002bacf3923d0]
Event: 35748.806 Thread 0x000002badea57740 11186       1       java.lang.reflect.Constructor::setAccessible (21 bytes)
Event: 35748.807 Thread 0x000002bade01c650 nmethod 11187 0x000002bacebeca10 code [0x000002bacebecbc0, 0x000002bacebecd50]
Event: 35748.807 Thread 0x000002badea57740 nmethod 11186 0x000002baceff7190 code [0x000002baceff7340, 0x000002baceff7528]
Event: 36534.895 Thread 0x000002bade01c650 11189       1       com.fasterxml.jackson.databind.PropertyName::isEmpty (23 bytes)
Event: 36534.896 Thread 0x000002bade01c650 nmethod 11189 0x000002baceff6e10 code [0x000002baceff6fa0, 0x000002baceff70c8]
Event: 36714.944 Thread 0x000002bade01c650 11190       1       jdk.proxy1.$Proxy1::<init> (6 bytes)
Event: 36714.945 Thread 0x000002bade01c650 nmethod 11190 0x000002baceff6a10 code [0x000002baceff6ba0, 0x000002baceff6d68]
Event: 37435.931 Thread 0x000002bade01c650 11191       1       java.util.stream.LongPipeline$StatelessOp::<init> (29 bytes)
Event: 37435.931 Thread 0x000002bade01c650 nmethod 11191 0x000002bacf397390 code [0x000002bacf397520, 0x000002bacf397608]
Event: 37435.931 Thread 0x000002bade01c650 11192       1       java.util.stream.LongPipeline::<init> (7 bytes)
Event: 37435.931 Thread 0x000002bade01c650 nmethod 11192 0x000002bacf3ab710 code [0x000002bacf3ab8a0, 0x000002bacf3ab978]
Event: 40922.490 Thread 0x000002bade01c650 11193       1       com.google.common.cache.LocalCache::evictsBySize (15 bytes)
Event: 40922.491 Thread 0x000002bade01c650 nmethod 11193 0x000002bacf3b0510 code [0x000002bacf3b0680, 0x000002bacf3b0770]
Event: 40923.997 Thread 0x000002bade01c650 11194   !   1       sun.nio.ch.SocketChannelImpl::setOption (185 bytes)
Event: 40924.000 Thread 0x000002bade01c650 nmethod 11194 0x000002bacefb0c10 code [0x000002bacefb0f00, 0x000002bacefb19c0]
Event: 40924.000 Thread 0x000002bade01c650 11195       1       sun.nio.ch.SocketChannelImpl::supportedOptions (15 bytes)
Event: 40924.000 Thread 0x000002bade01c650 nmethod 11195 0x000002bacefb0890 code [0x000002bacefb0a20, 0x000002bacefb0b50]

GC Heap History (20 events):
Event: 36712.753 GC heap before
{Heap before GC invocations=251 (full 0):
 garbage-first heap   total 116736K, used 98177K [0x0000000705200000, 0x0000000800000000)
  region size 2048K, 34 young (69632K), 1 survivors (2048K)
 Metaspace       used 50639K, committed 51840K, reserved 1114112K
  class space    used 6992K, committed 7488K, reserved 1048576K
}
Event: 36712.755 GC heap after
{Heap after GC invocations=252 (full 0):
 garbage-first heap   total 116736K, used 30560K [0x0000000705200000, 0x0000000800000000)
  region size 2048K, 1 young (2048K), 1 survivors (2048K)
 Metaspace       used 50639K, committed 51840K, reserved 1114112K
  class space    used 6992K, committed 7488K, reserved 1048576K
}
Event: 36833.297 GC heap before
{Heap before GC invocations=253 (full 0):
 garbage-first heap   total 116736K, used 98144K [0x0000000705200000, 0x0000000800000000)
  region size 2048K, 34 young (69632K), 1 survivors (2048K)
 Metaspace       used 50639K, committed 51840K, reserved 1114112K
  class space    used 6992K, committed 7488K, reserved 1048576K
}
Event: 36833.299 GC heap after
{Heap after GC invocations=254 (full 0):
 garbage-first heap   total 116736K, used 30604K [0x0000000705200000, 0x0000000800000000)
  region size 2048K, 1 young (2048K), 1 survivors (2048K)
 Metaspace       used 50639K, committed 51840K, reserved 1114112K
  class space    used 6992K, committed 7488K, reserved 1048576K
}
Event: 36953.799 GC heap before
{Heap before GC invocations=254 (full 0):
 garbage-first heap   total 116736K, used 98188K [0x0000000705200000, 0x0000000800000000)
  region size 2048K, 34 young (69632K), 1 survivors (2048K)
 Metaspace       used 50639K, committed 51840K, reserved 1114112K
  class space    used 6992K, committed 7488K, reserved 1048576K
}
Event: 36953.804 GC heap after
{Heap after GC invocations=255 (full 0):
 garbage-first heap   total 116736K, used 30583K [0x0000000705200000, 0x0000000800000000)
  region size 2048K, 1 young (2048K), 1 survivors (2048K)
 Metaspace       used 50639K, committed 51840K, reserved 1114112K
  class space    used 6992K, committed 7488K, reserved 1048576K
}
Event: 37074.295 GC heap before
{Heap before GC invocations=255 (full 0):
 garbage-first heap   total 116736K, used 98167K [0x0000000705200000, 0x0000000800000000)
  region size 2048K, 34 young (69632K), 1 survivors (2048K)
 Metaspace       used 50639K, committed 51840K, reserved 1114112K
  class space    used 6992K, committed 7488K, reserved 1048576K
}
Event: 37074.298 GC heap after
{Heap after GC invocations=256 (full 0):
 garbage-first heap   total 116736K, used 30551K [0x0000000705200000, 0x0000000800000000)
  region size 2048K, 1 young (2048K), 1 survivors (2048K)
 Metaspace       used 50639K, committed 51840K, reserved 1114112K
  class space    used 6992K, committed 7488K, reserved 1048576K
}
Event: 37194.813 GC heap before
{Heap before GC invocations=257 (full 0):
 garbage-first heap   total 116736K, used 96087K [0x0000000705200000, 0x0000000800000000)
  region size 2048K, 34 young (69632K), 1 survivors (2048K)
 Metaspace       used 50639K, committed 51840K, reserved 1114112K
  class space    used 6992K, committed 7488K, reserved 1048576K
}
Event: 37194.815 GC heap after
{Heap after GC invocations=258 (full 0):
 garbage-first heap   total 116736K, used 30595K [0x0000000705200000, 0x0000000800000000)
  region size 2048K, 1 young (2048K), 1 survivors (2048K)
 Metaspace       used 50639K, committed 51840K, reserved 1114112K
  class space    used 6992K, committed 7488K, reserved 1048576K
}
Event: 37315.338 GC heap before
{Heap before GC invocations=258 (full 0):
 garbage-first heap   total 116736K, used 98179K [0x0000000705200000, 0x0000000800000000)
  region size 2048K, 34 young (69632K), 1 survivors (2048K)
 Metaspace       used 50639K, committed 51840K, reserved 1114112K
  class space    used 6992K, committed 7488K, reserved 1048576K
}
Event: 37315.344 GC heap after
{Heap after GC invocations=259 (full 0):
 garbage-first heap   total 116736K, used 30595K [0x0000000705200000, 0x0000000800000000)
  region size 2048K, 1 young (2048K), 1 survivors (2048K)
 Metaspace       used 50639K, committed 51840K, reserved 1114112K
  class space    used 6992K, committed 7488K, reserved 1048576K
}
Event: 37435.899 GC heap before
{Heap before GC invocations=259 (full 0):
 garbage-first heap   total 116736K, used 96131K [0x0000000705200000, 0x0000000800000000)
  region size 2048K, 34 young (69632K), 1 survivors (2048K)
 Metaspace       used 50639K, committed 51840K, reserved 1114112K
  class space    used 6992K, committed 7488K, reserved 1048576K
}
Event: 37435.901 GC heap after
{Heap after GC invocations=260 (full 0):
 garbage-first heap   total 116736K, used 30586K [0x0000000705200000, 0x0000000800000000)
  region size 2048K, 1 young (2048K), 1 survivors (2048K)
 Metaspace       used 50639K, committed 51840K, reserved 1114112K
  class space    used 6992K, committed 7488K, reserved 1048576K
}
Event: 37556.318 GC heap before
{Heap before GC invocations=261 (full 0):
 garbage-first heap   total 116736K, used 98170K [0x0000000705200000, 0x0000000800000000)
  region size 2048K, 34 young (69632K), 1 survivors (2048K)
 Metaspace       used 50634K, committed 51840K, reserved 1114112K
  class space    used 6990K, committed 7488K, reserved 1048576K
}
Event: 37556.319 GC heap after
{Heap after GC invocations=262 (full 0):
 garbage-first heap   total 116736K, used 30546K [0x0000000705200000, 0x0000000800000000)
  region size 2048K, 1 young (2048K), 1 survivors (2048K)
 Metaspace       used 50634K, committed 51840K, reserved 1114112K
  class space    used 6990K, committed 7488K, reserved 1048576K
}
Event: 40905.897 GC heap before
{Heap before GC invocations=262 (full 0):
 garbage-first heap   total 116736K, used 98130K [0x0000000705200000, 0x0000000800000000)
  region size 2048K, 34 young (69632K), 1 survivors (2048K)
 Metaspace       used 50639K, committed 51840K, reserved 1114112K
  class space    used 6992K, committed 7488K, reserved 1048576K
}
Event: 40905.902 GC heap after
{Heap after GC invocations=263 (full 0):
 garbage-first heap   total 116736K, used 30563K [0x0000000705200000, 0x0000000800000000)
  region size 2048K, 1 young (2048K), 1 survivors (2048K)
 Metaspace       used 50639K, committed 51840K, reserved 1114112K
  class space    used 6992K, committed 7488K, reserved 1048576K
}
Event: 41026.514 GC heap before
{Heap before GC invocations=263 (full 0):
 garbage-first heap   total 116736K, used 98147K [0x0000000705200000, 0x0000000800000000)
  region size 2048K, 34 young (69632K), 1 survivors (2048K)
 Metaspace       used 50639K, committed 51840K, reserved 1114112K
  class space    used 6992K, committed 7488K, reserved 1048576K
}
Event: 41026.516 GC heap after
{Heap after GC invocations=264 (full 0):
 garbage-first heap   total 116736K, used 30553K [0x0000000705200000, 0x0000000800000000)
  region size 2048K, 1 young (2048K), 1 survivors (2048K)
 Metaspace       used 50639K, committed 51840K, reserved 1114112K
  class space    used 6992K, committed 7488K, reserved 1048576K
}

Dll operation events (13 events):
Event: 0.013 Loaded shared library C:\Program Files\Java\jdk-20\bin\java.dll
Event: 0.027 Loaded shared library C:\Program Files\Java\jdk-20\bin\jsvml.dll
Event: 0.153 Loaded shared library C:\Program Files\Java\jdk-20\bin\zip.dll
Event: 0.156 Loaded shared library C:\Program Files\Java\jdk-20\bin\instrument.dll
Event: 1.509 Loaded shared library C:\Program Files\Java\jdk-20\bin\net.dll
Event: 1.514 Loaded shared library C:\Program Files\Java\jdk-20\bin\nio.dll
Event: 1.521 Loaded shared library C:\Program Files\Java\jdk-20\bin\zip.dll
Event: 1.658 Loaded shared library C:\Program Files\Java\jdk-20\bin\jimage.dll
Event: 1.795 Loaded shared library C:\Program Files\JetBrains\IntelliJ IDEA 2022.1\bin\breakgen64.dll
Event: 1.810 Loaded shared library C:\Program Files\Java\jdk-20\bin\extnet.dll
Event: 1.826 Loaded shared library C:\Program Files\Java\jdk-20\bin\management.dll
Event: 1.838 Loaded shared library C:\Program Files\Java\jdk-20\bin\management_ext.dll
Event: 5.255 Loaded shared library C:\Program Files\Java\jdk-20\bin\sunmscapi.dll

Deoptimization events (16 events):
Event: 1.984 Thread 0x000002bac66a2400 DEOPT PACKING pc=0x000002baceacfb5d sp=0x000000f0e6afd000
Event: 1.984 Thread 0x000002bac66a2400 DEOPT UNPACKING pc=0x000002bace7aa4c2 sp=0x000000f0e6afc4b0 mode 3
Event: 2.002 Thread 0x000002bac66a2400 DEOPT PACKING pc=0x000002baceae7be0 sp=0x000000f0e6afcfd0
Event: 2.002 Thread 0x000002bac66a2400 DEOPT UNPACKING pc=0x000002bace7aa4c2 sp=0x000000f0e6afc488 mode 3
Event: 3.397 Thread 0x000002bac66a2400 DEOPT PACKING pc=0x000002baced6d0e1 sp=0x000000f0e6afd2e0
Event: 3.397 Thread 0x000002bac66a2400 DEOPT UNPACKING pc=0x000002bace7aa4c2 sp=0x000000f0e6afc7c0 mode 3
Event: 5.531 Thread 0x000002bac66a2400 DEOPT PACKING pc=0x000002bacf07ffd5 sp=0x000000f0e6af5e10
Event: 5.531 Thread 0x000002bac66a2400 DEOPT UNPACKING pc=0x000002bace7aa4c2 sp=0x000000f0e6af5390 mode 3
Event: 5.536 Thread 0x000002bac66a2400 DEOPT PACKING pc=0x000002baced9bdf1 sp=0x000000f0e6af62a0
Event: 5.536 Thread 0x000002bac66a2400 DEOPT UNPACKING pc=0x000002bace7aa4c2 sp=0x000000f0e6af57a8 mode 3
Event: 5.948 Thread 0x000002bac66a2400 DEOPT PACKING pc=0x000002bacea3d5e1 sp=0x000000f0e6afb150
Event: 5.948 Thread 0x000002bac66a2400 DEOPT UNPACKING pc=0x000002bace7aa4c2 sp=0x000000f0e6afa630 mode 3
Event: 138.279 Thread 0x000002badf23bb40 DEOPT PACKING pc=0x000002bace999638 sp=0x000000f0e9afabb0
Event: 138.279 Thread 0x000002badf23bb40 DEOPT UNPACKING pc=0x000002bace7aa4c2 sp=0x000000f0e9afa168 mode 3
Event: 1947.595 Thread 0x000002badf23ab50 DEOPT PACKING pc=0x000002bacea9629d sp=0x000000f0e9ef8770
Event: 1947.595 Thread 0x000002badf23ab50 DEOPT UNPACKING pc=0x000002bace7aa4c2 sp=0x000000f0e9ef7c60 mode 3

Classes loaded (20 events):
Event: 17.878 Loading class org/w3c/dom/Document
Event: 17.878 Loading class org/w3c/dom/Document done
Event: 18.376 Loading class java/time/format/DateTimeFormatterBuilder$ZoneTextPrinterParser
Event: 18.377 Loading class java/time/format/DateTimeFormatterBuilder$ZoneTextPrinterParser done
Event: 18.377 Loading class java/time/format/DateTimeFormatterBuilder$ReducedPrinterParser
Event: 18.377 Loading class java/time/format/DateTimeFormatterBuilder$ReducedPrinterParser done
Event: 18.408 Loading class java/util/concurrent/atomic/AtomicMarkableReference
Event: 18.408 Loading class java/util/concurrent/atomic/AtomicMarkableReference done
Event: 18.408 Loading class java/util/concurrent/atomic/AtomicMarkableReference$Pair
Event: 18.408 Loading class java/util/concurrent/atomic/AtomicMarkableReference$Pair done
Event: 18.554 Loading class sun/net/util/SocketExceptions
Event: 18.554 Loading class sun/net/util/SocketExceptions done
Event: 18.554 Loading class java/net/SocketTimeoutException
Event: 18.559 Loading class java/net/SocketTimeoutException done
Event: 18.588 Loading class jdk/internal/loader/BootLoader$PackageHelper
Event: 18.588 Loading class jdk/internal/loader/BootLoader$PackageHelper done
Event: 77.720 Loading class java/util/concurrent/locks/ReentrantReadWriteLock$Sync$HoldCounter
Event: 77.721 Loading class java/util/concurrent/locks/ReentrantReadWriteLock$Sync$HoldCounter done
Event: 35466.182 Loading class java/io/EOFException
Event: 35466.188 Loading class java/io/EOFException done

Classes unloaded (20 events):
Event: 35374.823 Thread 0x000002bad9ab5280 Unloading class 0x00000008015d1800 'java/lang/invoke/LambdaForm$MH+0x00000008015d1800'
Event: 35374.823 Thread 0x000002bad9ab5280 Unloading class 0x00000008015d0400 'java/lang/invoke/LambdaForm$MH+0x00000008015d0400'
Event: 35978.973 Thread 0x000002bad9ab5280 Unloading class 0x000000080169c400 'java/lang/invoke/LambdaForm$MH+0x000000080169c400'
Event: 35978.973 Thread 0x000002bad9ab5280 Unloading class 0x00000008016d4000 'java/lang/invoke/LambdaForm$MH+0x00000008016d4000'
Event: 35978.973 Thread 0x000002bad9ab5280 Unloading class 0x00000008016d4800 'java/lang/invoke/LambdaForm$MH+0x00000008016d4800'
Event: 36351.171 Thread 0x000002bad9ab5280 Unloading class 0x0000000801723000 'java/lang/invoke/LambdaForm$MH+0x0000000801723000'
Event: 36351.171 Thread 0x000002bad9ab5280 Unloading class 0x0000000801722400 'java/lang/invoke/LambdaForm$MH+0x0000000801722400'
Event: 36351.171 Thread 0x000002bad9ab5280 Unloading class 0x0000000801721400 'java/lang/invoke/LambdaForm$MH+0x0000000801721400'
Event: 36712.791 Thread 0x000002bad9ab5280 Unloading class 0x0000000801680000 'java/lang/invoke/LambdaForm$MH+0x0000000801680000'
Event: 36712.791 Thread 0x000002bad9ab5280 Unloading class 0x00000008015f8800 'java/lang/invoke/LambdaForm$MH+0x00000008015f8800'
Event: 36712.791 Thread 0x000002bad9ab5280 Unloading class 0x00000008015f8400 'java/lang/invoke/LambdaForm$MH+0x00000008015f8400'
Event: 37074.326 Thread 0x000002bad9ab5280 Unloading class 0x0000000801608400 'java/lang/invoke/LambdaForm$MH+0x0000000801608400'
Event: 37074.326 Thread 0x000002bad9ab5280 Unloading class 0x0000000801609400 'java/lang/invoke/LambdaForm$MH+0x0000000801609400'
Event: 37074.326 Thread 0x000002bad9ab5280 Unloading class 0x0000000801609c00 'java/lang/invoke/LambdaForm$MH+0x0000000801609c00'
Event: 37435.917 Thread 0x000002bad9ab5280 Unloading class 0x00000008015d8400 'java/lang/invoke/LambdaForm$MH+0x00000008015d8400'
Event: 37435.917 Thread 0x000002bad9ab5280 Unloading class 0x00000008015d8c00 'java/lang/invoke/LambdaForm$MH+0x00000008015d8c00'
Event: 37435.917 Thread 0x000002bad9ab5280 Unloading class 0x00000008015e4000 'java/lang/invoke/LambdaForm$MH+0x00000008015e4000'
Event: 41026.536 Thread 0x000002bad9ab5280 Unloading class 0x00000008015d0400 'java/lang/invoke/LambdaForm$MH+0x00000008015d0400'
Event: 41026.536 Thread 0x000002bad9ab5280 Unloading class 0x00000008015d1800 'java/lang/invoke/LambdaForm$MH+0x00000008015d1800'
Event: 41026.536 Thread 0x000002bad9ab5280 Unloading class 0x00000008015d2000 'java/lang/invoke/LambdaForm$MH+0x00000008015d2000'

Classes redefined (0 events):
No events

Internal exceptions (20 events):
Event: 40924.634 Thread 0x000002badf240050 Exception <a 'java/net/ConnectException'{0x000000070b250d28}: Connection refused: no further information> (0x000000070b250d28) 
thrown [s\open\src\hotspot\share\prims\jni.cpp, line 538]
Event: 40924.650 Thread 0x000002badf240050 Exception <a 'java/net/ConnectException'{0x000000070b258198}: Connection refused: no further information> (0x000000070b258198) 
thrown [s\open\src\hotspot\share\prims\jni.cpp, line 538]
Event: 40936.751 Thread 0x000002badf240050 Exception <a 'java/net/ConnectException'{0x000000070ae92720}: Connection refused: no further information> (0x000000070ae92720) 
thrown [s\open\src\hotspot\share\prims\jni.cpp, line 538]
Event: 40936.752 Thread 0x000002badf240050 Exception <a 'java/net/ConnectException'{0x000000070ae93b50}: Connection refused: no further information> (0x000000070ae93b50) 
thrown [s\open\src\hotspot\share\prims\jni.cpp, line 538]
Event: 40944.856 Thread 0x000002badf240050 Exception <a 'java/net/ConnectException'{0x000000070aaa8758}: Connection refused: no further information> (0x000000070aaa8758) 
thrown [s\open\src\hotspot\share\prims\jni.cpp, line 538]
Event: 40944.872 Thread 0x000002badf240050 Exception <a 'java/net/ConnectException'{0x000000070aaafbc8}: Connection refused: no further information> (0x000000070aaafbc8) 
thrown [s\open\src\hotspot\share\prims\jni.cpp, line 538]
Event: 40954.985 Thread 0x000002badf240050 Exception <a 'java/net/ConnectException'{0x000000070a2b1f78}: Connection refused: no further information> (0x000000070a2b1f78) 
thrown [s\open\src\hotspot\share\prims\jni.cpp, line 538]
Event: 40954.986 Thread 0x000002badf240050 Exception <a 'java/net/ConnectException'{0x000000070a2b33a8}: Connection refused: no further information> (0x000000070a2b33a8) 
thrown [s\open\src\hotspot\share\prims\jni.cpp, line 538]
Event: 40967.096 Thread 0x000002badf240050 Exception <a 'java/net/ConnectException'{0x0000000709eb5760}: Connection refused: no further information> (0x0000000709eb5760) 
thrown [s\open\src\hotspot\share\prims\jni.cpp, line 538]
Event: 40967.097 Thread 0x000002badf240050 Exception <a 'java/net/ConnectException'{0x0000000709ebcc10}: Connection refused: no further information> (0x0000000709ebcc10) 
thrown [s\open\src\hotspot\share\prims\jni.cpp, line 538]
Event: 40975.161 Thread 0x000002badf240050 Exception <a 'java/net/ConnectException'{0x0000000709ad67f0}: Connection refused: no further information> (0x0000000709ad67f0) 
thrown [s\open\src\hotspot\share\prims\jni.cpp, line 538]
Event: 40975.175 Thread 0x000002badf240050 Exception <a 'java/net/ConnectException'{0x0000000709ad7c20}: Connection refused: no further information> (0x0000000709ad7c20) 
thrown [s\open\src\hotspot\share\prims\jni.cpp, line 538]
Event: 40985.247 Thread 0x000002badf240050 Exception <a 'java/net/ConnectException'{0x00000007092b2b78}: Connection refused: no further information> (0x00000007092b2b78) 
thrown [s\open\src\hotspot\share\prims\jni.cpp, line 538]
Event: 40985.247 Thread 0x000002badf240050 Exception <a 'java/net/ConnectException'{0x00000007092b3fa8}: Connection refused: no further information> (0x00000007092b3fa8) 
thrown [s\open\src\hotspot\share\prims\jni.cpp, line 538]
Event: 40997.368 Thread 0x000002badf240050 Exception <a 'java/net/ConnectException'{0x0000000708eccd78}: Connection refused: no further information> (0x0000000708eccd78) 
thrown [s\open\src\hotspot\share\prims\jni.cpp, line 538]
Event: 40997.369 Thread 0x000002badf240050 Exception <a 'java/net/ConnectException'{0x0000000708ed4208}: Connection refused: no further information> (0x0000000708ed4208) 
thrown [s\open\src\hotspot\share\prims\jni.cpp, line 538]
Event: 41004.447 Thread 0x000002badf240050 Exception <a 'java/net/ConnectException'{0x0000000708ad7900}: Connection refused: no further information> (0x0000000708ad7900) 
thrown [s\open\src\hotspot\share\prims\jni.cpp, line 538]
Event: 41004.462 Thread 0x000002badf240050 Exception <a 'java/net/ConnectException'{0x0000000708aded90}: Connection refused: no further information> (0x0000000708aded90) 
thrown [s\open\src\hotspot\share\prims\jni.cpp, line 538]
Event: 41014.559 Thread 0x000002badf240050 Exception <a 'java/net/ConnectException'{0x00000007082d5fb8}: Connection refused: no further information> (0x00000007082d5fb8) 
thrown [s\open\src\hotspot\share\prims\jni.cpp, line 538]
Event: 41014.559 Thread 0x000002badf240050 Exception <a 'java/net/ConnectException'{0x00000007082d73e8}: Connection refused: no further information> (0x00000007082d73e8) 
thrown [s\open\src\hotspot\share\prims\jni.cpp, line 538]

VM Operations (20 events):
Event: 37074.342 Executing VM operation: G1PauseRemark done
Event: 37074.357 Executing VM operation: G1PauseCleanup
Event: 37074.358 Executing VM operation: G1PauseCleanup done
Event: 37194.813 Executing VM operation: G1CollectForAllocation
Event: 37194.815 Executing VM operation: G1CollectForAllocation done
Event: 37315.338 Executing VM operation: G1CollectForAllocation
Event: 37315.344 Executing VM operation: G1CollectForAllocation done
Event: 37435.899 Executing VM operation: G1CollectForAllocation
Event: 37435.901 Executing VM operation: G1CollectForAllocation done
Event: 37435.916 Executing VM operation: G1PauseRemark
Event: 37435.924 Executing VM operation: G1PauseRemark done
Event: 37435.930 Executing VM operation: G1PauseCleanup
Event: 37435.931 Executing VM operation: G1PauseCleanup done
Event: 37556.318 Executing VM operation: G1CollectForAllocation
Event: 37556.319 Executing VM operation: G1CollectForAllocation done
Event: 40905.897 Executing VM operation: G1CollectForAllocation
Event: 40905.905 Executing VM operation: G1CollectForAllocation done
Event: 41026.514 Executing VM operation: G1CollectForAllocation
Event: 41026.516 Executing VM operation: G1CollectForAllocation done
Event: 41026.535 Executing VM operation: G1PauseRemark

Events (20 events):
Event: 33479.122 Thread 0x000002badea54ac0 Thread exited: 0x000002badea54ac0
Event: 33479.122 Thread 0x000002badea55b70 Thread exited: 0x000002badea55b70
Event: 33484.123 Thread 0x000002badea56690 Thread exited: 0x000002badea56690
Event: 33669.478 Thread 0x000002badea57740 Thread added: 0x000002badea57740
Event: 33674.492 Thread 0x000002badea57740 Thread exited: 0x000002badea57740
Event: 34031.138 Thread 0x000002bad9ab5280 flushing nmethod 0x000002bace9c7990
Event: 34649.786 Thread 0x000002badea54ac0 Thread added: 0x000002badea54ac0
Event: 34649.786 Thread 0x000002badea55b70 Thread added: 0x000002badea55b70
Event: 34649.786 Thread 0x000002badea56100 Thread added: 0x000002badea56100
Event: 34654.800 Thread 0x000002badea56100 Thread exited: 0x000002badea56100
Event: 34659.813 Thread 0x000002badea55b70 Thread exited: 0x000002badea55b70
Event: 34664.827 Thread 0x000002badea54ac0 Thread exited: 0x000002badea54ac0
Event: 34889.823 Thread 0x000002badea54ac0 Thread added: 0x000002badea54ac0
Event: 34889.824 Thread 0x000002badea55b70 Thread added: 0x000002badea55b70
Event: 34889.824 Thread 0x000002badea56690 Thread added: 0x000002badea56690
Event: 34894.839 Thread 0x000002badea56690 Thread exited: 0x000002badea56690
Event: 34899.851 Thread 0x000002badea55b70 Thread exited: 0x000002badea55b70
Event: 34904.861 Thread 0x000002badea54ac0 Thread exited: 0x000002badea54ac0
Event: 35748.805 Thread 0x000002badea57740 Thread added: 0x000002badea57740
Event: 35753.817 Thread 0x000002badea57740 Thread exited: 0x000002badea57740


Dynamic libraries:
0x00007ff69bfe0000 - 0x00007ff69bff0000 	C:\Program Files\Java\jdk-20\bin\java.exe
0x00007fff0afb0000 - 0x00007fff0b1c7000 	C:\WINDOWS\SYSTEM32\ntdll.dll
0x00007fff09640000 - 0x00007fff09704000 	C:\WINDOWS\System32\KERNEL32.DLL
0x00007fff08840000 - 0x00007fff08be6000 	C:\WINDOWS\System32\KERNELBASE.dll
0x00007fff08bf0000 - 0x00007fff08d01000 	C:\WINDOWS\System32\ucrtbase.dll
0x00007ffeb6df0000 - 0x00007ffeb6e09000 	C:\Program Files\Java\jdk-20\bin\jli.dll
0x00007ffeb6d00000 - 0x00007ffeb6d1b000 	C:\Program Files\Java\jdk-20\bin\VCRUNTIME140.dll
0x00007fff08db0000 - 0x00007fff08e60000 	C:\WINDOWS\System32\ADVAPI32.dll
0x00007fff09710000 - 0x00007fff097b7000 	C:\WINDOWS\System32\msvcrt.dll
0x00007fff09cd0000 - 0x00007fff09d76000 	C:\WINDOWS\System32\sechost.dll
0x00007fff0a4f0000 - 0x00007fff0a607000 	C:\WINDOWS\System32\RPCRT4.dll
0x00007fff09fc0000 - 0x00007fff0a16d000 	C:\WINDOWS\System32\USER32.dll
0x00007ffee7180000 - 0x00007ffee7413000 	C:\WINDOWS\WinSxS\amd64_microsoft.windows.common-controls_6595b64144ccf1df_6.0.22621.2361_none_2712ced57382f843\COMCTL32.dll
0x00007fff086a0000 - 0x00007fff086c6000 	C:\WINDOWS\System32\win32u.dll
0x00007fff08d60000 - 0x00007fff08d89000 	C:\WINDOWS\System32\GDI32.dll
0x00007fff083b0000 - 0x00007fff084c8000 	C:\WINDOWS\System32\gdi32full.dll
0x00007fff08540000 - 0x00007fff085da000 	C:\WINDOWS\System32\msvcp_win.dll
0x00007ffef9920000 - 0x00007ffef992a000 	C:\WINDOWS\SYSTEM32\VERSION.dll
0x00007fff09000000 - 0x00007fff09031000 	C:\WINDOWS\System32\IMM32.DLL
0x00007ffebafa0000 - 0x00007ffebafac000 	C:\Program Files\Java\jdk-20\bin\vcruntime140_1.dll
0x00007ffe93f80000 - 0x00007ffe9400e000 	C:\Program Files\Java\jdk-20\bin\msvcp140.dll
0x00007ffe73330000 - 0x00007ffe73fc7000 	C:\Program Files\Java\jdk-20\bin\server\jvm.dll
0x00007ffec3440000 - 0x00007ffec3449000 	C:\WINDOWS\SYSTEM32\WSOCK32.dll
0x00007ffefc400000 - 0x00007ffefc434000 	C:\WINDOWS\SYSTEM32\WINMM.dll
0x00007fff0a390000 - 0x00007fff0a401000 	C:\WINDOWS\System32\WS2_32.dll
0x00007fff072d0000 - 0x00007fff072e8000 	C:\WINDOWS\SYSTEM32\kernel.appcore.dll
0x00007ffeb61b0000 - 0x00007ffeb61ba000 	C:\Program Files\Java\jdk-20\bin\jimage.dll
0x00007fff05a80000 - 0x00007fff05cae000 	C:\WINDOWS\SYSTEM32\DBGHELP.DLL
0x00007fff090d0000 - 0x00007fff0945a000 	C:\WINDOWS\System32\combase.dll
0x00007fff0a410000 - 0x00007fff0a4e7000 	C:\WINDOWS\System32\OLEAUT32.dll
0x00007ffee46c0000 - 0x00007ffee46f2000 	C:\WINDOWS\SYSTEM32\dbgcore.DLL
0x00007fff08330000 - 0x00007fff083aa000 	C:\WINDOWS\System32\bcryptPrimitives.dll
0x00007ffec4a60000 - 0x00007ffec4a6e000 	C:\Program Files\Java\jdk-20\bin\instrument.dll
0x00007ffe93e90000 - 0x00007ffe93eb6000 	C:\Program Files\Java\jdk-20\bin\java.dll
0x00007ffe92a10000 - 0x00007ffe92ae7000 	C:\Program Files\Java\jdk-20\bin\jsvml.dll
0x00007fff0a610000 - 0x00007fff0ae68000 	C:\WINDOWS\System32\SHELL32.dll
0x00007fff06240000 - 0x00007fff06b32000 	C:\WINDOWS\SYSTEM32\windows.storage.dll
0x00007fff06100000 - 0x00007fff0623e000 	C:\WINDOWS\SYSTEM32\wintypes.dll
0x00007fff0ae70000 - 0x00007fff0af63000 	C:\WINDOWS\System32\SHCORE.dll
0x00007fff09070000 - 0x00007fff090ce000 	C:\WINDOWS\System32\shlwapi.dll
0x00007fff08260000 - 0x00007fff08286000 	C:\WINDOWS\SYSTEM32\profapi.dll
0x00007ffe95e60000 - 0x00007ffe95e78000 	C:\Program Files\Java\jdk-20\bin\zip.dll
0x00007ffeb3940000 - 0x00007ffeb3953000 	C:\Program Files\Java\jdk-20\bin\net.dll
0x00007fff01750000 - 0x00007fff01887000 	C:\WINDOWS\SYSTEM32\WINHTTP.dll
0x00007fff077a0000 - 0x00007fff07809000 	C:\WINDOWS\system32\mswsock.dll
0x00007ffe97830000 - 0x00007ffe97846000 	C:\Program Files\Java\jdk-20\bin\nio.dll
0x00007ffe929b0000 - 0x00007ffe929ca000 	C:\Program Files\JetBrains\IntelliJ IDEA 2022.1\bin\breakgen64.dll
0x00007ffeada30000 - 0x00007ffeada37000 	C:\Program Files\Java\jdk-20\bin\extnet.dll
0x00007fff06e10000 - 0x00007fff06f09000 	C:\WINDOWS\SYSTEM32\DNSAPI.dll
0x00007fff06da0000 - 0x00007fff06dcd000 	C:\WINDOWS\SYSTEM32\IPHLPAPI.DLL
0x00007fff09040000 - 0x00007fff09049000 	C:\WINDOWS\System32\NSI.dll
0x00007ffef5240000 - 0x00007ffef524a000 	C:\Windows\System32\rasadhlp.dll
0x00007ffefa390000 - 0x00007ffefa414000 	C:\WINDOWS\System32\fwpuclnt.dll
0x00007ffec1110000 - 0x00007ffec111a000 	C:\Program Files\Java\jdk-20\bin\management.dll
0x00007ffe93e40000 - 0x00007ffe93e4b000 	C:\Program Files\Java\jdk-20\bin\management_ext.dll
0x00007fff09460000 - 0x00007fff09468000 	C:\WINDOWS\System32\PSAPI.DLL
0x00007fff07ac0000 - 0x00007fff07adb000 	C:\WINDOWS\SYSTEM32\CRYPTSP.dll
0x00007fff07290000 - 0x00007fff072c5000 	C:\WINDOWS\system32\rsaenh.dll
0x00007fff07840000 - 0x00007fff0786c000 	C:\WINDOWS\SYSTEM32\USERENV.dll
0x00007fff07c00000 - 0x00007fff07c28000 	C:\WINDOWS\SYSTEM32\bcrypt.dll
0x00007fff07aa0000 - 0x00007fff07aac000 	C:\WINDOWS\SYSTEM32\CRYPTBASE.dll
0x00007fff00b20000 - 0x00007fff00b39000 	C:\WINDOWS\SYSTEM32\dhcpcsvc6.DLL
0x00007fff00b00000 - 0x00007fff00b1f000 	C:\WINDOWS\SYSTEM32\dhcpcsvc.DLL
0x00007ffee54f0000 - 0x00007ffee5507000 	C:\WINDOWS\system32\napinsp.dll
0x00007ffee1d30000 - 0x00007ffee1d4b000 	C:\WINDOWS\system32\pnrpnsp.dll
0x00007ffeb68d0000 - 0x00007ffeb68e1000 	C:\WINDOWS\System32\winrnr.dll
0x00007ffefa650000 - 0x00007ffefa665000 	C:\WINDOWS\system32\wshbth.dll
0x00007ffe9db80000 - 0x00007ffe9dba1000 	C:\WINDOWS\system32\nlansp_c.dll
0x00007ffe93af0000 - 0x00007ffe93afe000 	C:\Program Files\Java\jdk-20\bin\sunmscapi.dll
0x00007fff086d0000 - 0x00007fff08836000 	C:\WINDOWS\System32\CRYPT32.dll
0x00007fff07bd0000 - 0x00007fff07bfd000 	C:\WINDOWS\SYSTEM32\ncrypt.dll
0x00007fff07b90000 - 0x00007fff07bc7000 	C:\WINDOWS\SYSTEM32\NTASN1.dll
0x00007ffeed5a0000 - 0x00007ffeed5a8000 	C:\WINDOWS\system32\wshunix.dll

dbghelp: loaded successfully - version: 4.0.5 - missing functions: none
symbol engine: initialized successfully - sym options: 0x614 - pdb path: .;C:\Program Files\Java\jdk-20\bin;C:\WINDOWS\SYSTEM32;C:\WINDOWS\WinSxS\amd64_microsoft.windows.common-controls_6595b64144ccf1df_6.0.22621.2361_none_2712ced57382f843;C:\Program Files\Java\jdk-20\bin\server;C:\Program Files\JetBrains\IntelliJ IDEA 2022.1\bin

VM Arguments:
jvm_args: -XX:TieredStopAtLevel=1 -Xverify:none -Dspring.output.ansi.enabled=always -Dcom.sun.management.jmxremote -Dspring.jmx.enabled=true -Dspring.liveBeansView.mbeanDomain -Dspring.application.admin.enabled=true -javaagent:C:\Program Files\JetBrains\IntelliJ IDEA 2022.1\lib\idea_rt.jar=54639:C:\Program Files\JetBrains\IntelliJ IDEA 2022.1\bin -Dfile.encoding=UTF-8 
java_command: com.baber.discoveryserver.DiscoveryServerApplication
java_class_path (initial): D:\Tutorials\spring boot\baber-booking\discovery-server\target\classes;C:\Users\HP\.m2\repository\org\springframework\cloud\spring-cloud-starter-netflix-eureka-server\4.0.1\spring-cloud-starter-netflix-eureka-server-4.0.1.jar;C:\Users\HP\.m2\repository\org\springframework\cloud\spring-cloud-starter\4.0.2\spring-cloud-starter-4.0.2.jar;C:\Users\HP\.m2\repository\org\springframework\cloud\spring-cloud-context\4.0.2\spring-cloud-context-4.0.2.jar;C:\Users\HP\.m2\repository\org\springframework\security\spring-security-crypto\6.0.3\spring-security-crypto-6.0.3.jar;C:\Users\HP\.m2\repository\org\springframework\cloud\spring-cloud-commons\4.0.2\spring-cloud-commons-4.0.2.jar;C:\Users\HP\.m2\repository\org\springframework\security\spring-security-rsa\1.0.11.RELEASE\spring-security-rsa-1.0.11.RELEASE.jar;C:\Users\HP\.m2\repository\org\bouncycastle\bcpkix-jdk15on\1.69\bcpkix-jdk15on-1.69.jar;C:\Users\HP\.m2\repository\org\bouncycastle\bcprov-jdk15on\1.69\bcprov-jdk15on-1.69.jar;C:\Users\HP\.m2\repository\org\bouncycastle\bcutil-jdk15on\1.69\bcutil-jdk15on-1.69.jar;C:\Users\HP\.m2\repository\org\springframework\cloud\spring-cloud-netflix-eureka-server\4.0.1\spring-cloud-netflix-eureka-server-4.0.1.jar;C:\Users\HP\.m2\repository\org\springframework\boot\spring-boot-starter-web\3.0.6\spring-boot-starter-web-3.0.6.jar;C:\Users\HP\.m2\repository\org\springframework\boot\spring-boot-starter-json\3.0.6\spring-boot-starter-json-3.0.6.jar;C:\Users\HP\.m2\repository\com\fasterxml\jackson\datatype\jackson-datatype-jdk8\2.14.2\jackson-datatype-jdk8-2.14.2.jar;C:\Users\HP\.m2\repository\com\fasterxml\jackson\datatype\jackson-datatype-jsr310\2.14.2\jackson-datatype-jsr310-2.14.2.jar;C:\Users\HP\.m2\repository\com\fasterxml\jackson\module\jackson-module-parameter-names\2.14.2\jackson-module-parameter-names-2.14.2.jar;C:\Users\HP\.m2\repository\org\springframework\boot\spring-boot-starter-tomcat\3.0.6\spring-boot-starter-tomcat-3.0.6.jar;C:\Users\HP\.m2\repository\org\apache\tomcat\embed\tomcat-embed-core\10.1.8\tomcat-embed-core-10.1.8.jar;C:\Users\HP\.m2\repository\org\apache\tomcat\embed\tomcat-embed-el\10.1.8\tomcat-embed-el-10.1.8.jar;C:\Users\HP\.m2\repository\org\apache\tomcat\embed\tomcat-embed-websocket\10.1.8\tomcat-embed-websocket-10.1.8.jar;C:\Users\HP\.m2\repository\org\springframework\spring-webmvc\6.0.8\spring-webmvc-6.0.8.jar;C:\Users\HP\.m2\repository\org\springframework\boot\spring-boot-starter-actuator\3.0.6\spring-boot-starter-actuator-3.0.6.jar;C:\Users\HP\.m2\repository\org\springframework\boot\spring-boot-actuator-autoconfigure\3.0.6\spring-boot-actuator-autoconfigure-3.0.6.jar;C:\Users\HP\.m2\repository\org\springframework\boot\spring-boot-actuator\3.0.6\spring-boot-actuator-3.0.6.jar;C:\Users\HP\.m2\repository\io\micrometer\micrometer-core\1.10.6\micrometer-core-1.10.6.jar;C:\Users\HP\.m2\repository\org\hdrhistogram\HdrHistogram\2.1.12\HdrHistogram-2.1.12.jar;C:\Users\HP\.m2\repository\org\latencyutils\LatencyUtils\2.0.3\LatencyUtils-2.0.3.jar;C:\Users\HP\.m2\repository\org\springframework\boot\spring-boot-starter-freemarker\3.0.6\spring-boot-starter-freemarker-3.0.6.jar;C:\Users\HP\.m2\repository\org\freemarker\freemarker\2.3.32\freemarker-2.3.32.jar;C:\Users\HP\.m2\repository\org\springframework\spring-context-support\6.0.8\spring-context-support-6.0.8.jar;C:\Users\HP\.m2\repository\org\springframework\cloud\spring-cloud-netflix-eureka-client\4.0.1\spring-cloud-netflix-eureka-client-4.0.1.jar;C:\Users\HP\.m2\repository\com\netflix\eureka\eureka-client\2.0.0\eureka-client-2.0.0.jar;C:\Users\HP\.m2\repository\com\netflix\netflix-commons\netflix-eventbus\0.3.0\netflix-eventbus-0.3.0.jar;C:\Users\HP\.m2\repository\com\netflix\netflix-commons\netflix-infix\0.3.0\netflix-infix-0.3.0.jar;C:\Users\HP\.m2\repository\commons-jxpath\commons-jxpath\1.3\commons-jxpath-1.3.jar;C:\Users\HP\.m2\repository\joda-time\joda-time\2.3\joda-time-2.3.jar;C:\Users\HP\.m2\repository\org\antlr\antlr-runtime\3.4\antlr-runtime-3.4.jar;C:\Users\HP\.m2\repository\org\antlr\stringtemplate\3.2.1\stringtemplate-3.2.1.jar;C:\Users\HP\.m2\repository\antlr\antlr\2.7.7\antlr-2.7.7.jar;C:\Users\HP\.m2\repository\com\google\code\gson\gson\2.9.1\gson-2.9.1.jar;C:\Users\HP\.m2\repository\org\apache\commons\commons-math\2.2\commons-math-2.2.jar;C:\Users\HP\.m2\repository\com\thoughtworks\xstream\xstream\1.4.19\xstream-1.4.19.jar;C:\Users\HP\.m2\repository\io\github\x-stream\mxparser\1.2.2\mxparser-1.2.2.jar;C:\Users\HP\.m2\repository\xmlpull\xmlpull\1.1.3.1\xmlpull-1.1.3.1.jar;C:\Users\HP\.m2\repository\com\netflix\servo\servo-core\0.12.21\servo-core-0.12.21.jar;C:\Users\HP\.m2\repository\com\google\guava\guava\19.0\guava-19.0.jar;C:\Users\HP\.m2\repository\org\apache\httpcomponents\httpclient\4.5.14\httpclient-4.5.14.jar;C:\Users\HP\.m2\repository\org\apache\httpcomponents\httpcore\4.4.16\httpcore-4.4.16.jar;C:\Users\HP\.m2\repository\commons-configuration\commons-configuration\1.10\commons-configuration-1.10.jar;C:\Users\HP\.m2\repository\commons-lang\commons-lang\2.6\commons-lang-2.6.jar;C:\Users\HP\.m2\repository\org\codehaus\jettison\jettison\1.4.0\jettison-1.4.0.jar;C:\Users\HP\.m2\repository\org\apache\httpcomponents\client5\httpclient5\5.1.4\httpclient5-5.1.4.jar;C:\Users\HP\.m2\repository\org\apache\httpcomponents\core5\httpcore5\5.1.5\httpcore5-5.1.5.jar;C:\Users\HP\.m2\repository\org\apache\httpcomponents\core5\httpcore5-h2\5.1.5\httpcore5-h2-5.1.5.jar;C:\Users\HP\.m2\repository\commons-codec\commons-codec\1.15\commons-codec-1.15.jar;C:\Users\HP\.m2\repository\com\netflix\eureka\eureka-client-jersey3\2.0.0\eureka-client-jersey3-2.0.0.jar;C:\Users\HP\.m2\repository\org\glassfish\jersey\connectors\jersey-apache-connector\3.1.1\jersey-apache-connector-3.1.1.jar;C:\Users\HP\.m2\repository\com\netflix\eureka\eureka-core-jersey3\2.0.0\eureka-core-jersey3-2.0.0.jar;C:\Users\HP\.m2\repository\com\netflix\eureka\eureka-core\2.0.0\eureka-core-2.0.0.jar;C:\Users\HP\.m2\repository\jakarta\servlet\jakarta.servlet-api\6.0.0\jakarta.servlet-api-6.0.0.jar;C:\Users\HP\.m2\repository\org\glassfish\jersey\containers\jersey-container-servlet\3.1.1\jersey-container-servlet-3.1.1.jar;C:\Users\HP\.m2\repository\org\glassfish\jersey\containers\jersey-container-servlet-core\3.1.1\jersey-container-servlet-core-3.1.1.jar;C:\Users\HP\.m2\repository\org\glassfish\jersey\core\jersey-common\3.1.1\jersey-common-3.1.1.jar;C:\Users\HP\.m2\repository\org\glassfish\hk2\osgi-resource-locator\1.0.3\osgi-resource-locator-1.0.3.jar;C:\Users\HP\.m2\repository\jakarta\ws\rs\jakarta.ws.rs-api\3.1.0\jakarta.ws.rs-api-3.1.0.jar;C:\Users\HP\.m2\repository\org\glassfish\jersey\core\jersey-server\3.1.1\jersey-server-3.1.1.jar;C:\Users\HP\.m2\repository\jakarta\validation\jakarta.validation-api\3.0.2\jakarta.validation-api-3.0.2.jar;C:\Users\HP\.m2\repository\org\glassfish\jersey\core\jersey-client\3.1.1\jersey-client-3.1.1.jar;C:\Users\HP\.m2\repository\org\glassfish\jersey\inject\jersey-hk2\3.1.1\jersey-hk2-3.1.1.jar;C:\Users\HP\.m2\repository\org\glassfish\hk2\hk2-locator\3.0.3\hk2-locator-3.0.3.jar;C:\Users\HP\.m2\repository\org\glassfish\hk2\external\aopalliance-repackaged\3.0.3\aopalliance-repackaged-3.0.3.jar;C:\Users\HP\.m2\repository\org\glassfish\hk2\hk2-utils\3.0.3\hk2-utils-3.0.3.jar;C:\Users\HP\.m2\repository\org\javassist\javassist\3.29.0-GA\javassist-3.29.0-GA.jar;C:\Users\HP\.m2\repository\org\glassfish\hk2\spring-bridge\3.0.3\spring-bridge-3.0.3.jar;C:\Users\HP\.m2\repository\org\glassfish\hk2\hk2-api\3.0.3\hk2-api-3.0.3.jar;C:\Users\HP\.m2\repository\jakarta\inject\jakarta.inject-api\2.0.1\jakarta.inject-api-2.0.1.jar;C:\Users\HP\.m2\repository\com\fasterxml\jackson\dataformat\jackson-dataformat-xml\2.14.2\jackson-dataformat-xml-2.14.2.jar;C:\Users\HP\.m2\repository\com\fasterxml\jackson\core\jackson-core\2.14.2\jackson-core-2.14.2.jar;C:\Users\HP\.m2\repository\com\fasterxml\jackson\core\jackson-annotations\2.14.2\jackson-annotations-2.14.2.jar;C:\Users\HP\.m2\repository\com\fasterxml\jackson\core\jackson-databind\2.14.2\jackson-databind-2.14.2.jar;C:\Users\HP\.m2\repository\org\codehaus\woodstox\stax2-api\4.2.1\stax2-api-4.2.1.jar;C:\Users\HP\.m2\repository\com\fasterxml\woodstox\woodstox-core\6.5.0\woodstox-core-6.5.0.jar;C:\Users\HP\.m2\repository\org\springframework\cloud\spring-cloud-starter-loadbalancer\4.0.2\spring-cloud-starter-loadbalancer-4.0.2.jar;C:\Users\HP\.m2\repository\org\springframework\cloud\spring-cloud-loadbalancer\4.0.2\spring-cloud-loadbalancer-4.0.2.jar;C:\Users\HP\.m2\repository\io\projectreactor\reactor-core\3.5.5\reactor-core-3.5.5.jar;C:\Users\HP\.m2\repository\org\reactivestreams\reactive-streams\1.0.4\reactive-streams-1.0.4.jar;C:\Users\HP\.m2\repository\io\projectreactor\addons\reactor-extra\3.5.1\reactor-extra-3.5.1.jar;C:\Users\HP\.m2\repository\org\springframework\boot\spring-boot-starter-cache\3.0.6\spring-boot-starter-cache-3.0.6.jar;C:\Users\HP\.m2\repository\com\stoyanr\evictor\1.0.0\evictor-1.0.0.jar;C:\Users\HP\.m2\repository\org\glassfish\jaxb\jaxb-runtime\4.0.2\jaxb-runtime-4.0.2.jar;C:\Users\HP\.m2\repository\org\glassfish\jaxb\jaxb-core\4.0.2\jaxb-core-4.0.2.jar;C:\Users\HP\.m2\repository\org\eclipse\angus\angus-activation\2.0.0\angus-activation-2.0.0.jar;C:\Users\HP\.m2\repository\org\glassfish\jaxb\txw2\4.0.2\txw2-4.0.2.jar;C:\Users\HP\.m2\repository\com\sun\istack\istack-commons-runtime\4.1.1\istack-commons-runtime-4.1.1.jar;C:\Users\HP\.m2\repository\org\springframework\boot\spring-boot-starter\3.0.6\spring-boot-starter-3.0.6.jar;C:\Users\HP\.m2\repository\org\springframework\boot\spring-boot\3.0.6\spring-boot-3.0.6.jar;C:\Users\HP\.m2\repository\org\springframework\boot\spring-boot-autoconfigure\3.0.6\spring-boot-autoconfigure-3.0.6.jar;C:\Users\HP\.m2\repository\org\springframework\boot\spring-boot-starter-logging\3.0.6\spring-boot-starter-logging-3.0.6.jar;C:\Users\HP\.m2\repository\ch\qos\logback\logback-classic\1.4.7\logback-classic-1.4.7.jar;C:\Users\HP\.m2\repository\ch\qos\logback\logback-core\1.4.7\logback-core-1.4.7.jar;C:\Users\HP\.m2\repository\org\apache\logging\log4j\log4j-to-slf4j\2.19.0\log4j-to-slf4j-2.19.0.jar;C:\Users\HP\.m2\repository\org\apache\logging\log4j\log4j-api\2.19.0\log4j-api-2.19.0.jar;C:\Users\HP\.m2\repository\org\slf4j\jul-to-slf4j\2.0.7\jul-to-slf4j-2.0.7.jar;C:\Users\HP\.m2\repository\jakarta\annotation\jakarta.annotation-api\2.1.1\jakarta.annotation-api-2.1.1.jar;C:\Users\HP\.m2\repository\org\yaml\snakeyaml\1.33\snakeyaml-1.33.jar;C:\Users\HP\.m2\repository\jakarta\xml\bind\jakarta.xml.bind-api\4.0.0\jakarta.xml.bind-api-4.0.0.jar;C:\Users\HP\.m2\repository\jakarta\activation\jakarta.activation-api\2.1.1\jakarta.activation-api-2.1.1.jar;C:\Users\HP\.m2\repository\org\springframework\spring-core\6.0.8\spring-core-6.0.8.jar;C:\Users\HP\.m2\repository\org\springframework\spring-jcl\6.0.8\spring-jcl-6.0.8.jar;C:\Users\HP\.m2\repository\org\springframework\boot\spring-boot-starter-security\3.0.6\spring-boot-starter-security-3.0.6.jar;C:\Users\HP\.m2\repository\org\springframework\spring-aop\6.0.8\spring-aop-6.0.8.jar;C:\Users\HP\.m2\repository\org\springframework\spring-beans\6.0.8\spring-beans-6.0.8.jar;C:\Users\HP\.m2\repository\org\springframework\security\spring-security-config\6.0.3\spring-security-config-6.0.3.jar;C:\Users\HP\.m2\repository\org\springframework\security\spring-security-core\6.0.3\spring-security-core-6.0.3.jar;C:\Users\HP\.m2\repository\org\springframework\spring-context\6.0.8\spring-context-6.0.8.jar;C:\Users\HP\.m2\repository\org\springframework\security\spring-security-web\6.0.3\spring-security-web-6.0.3.jar;C:\Users\HP\.m2\repository\org\springframework\spring-expression\6.0.8\spring-expression-6.0.8.jar;C:\Users\HP\.m2\repository\org\springframework\spring-web\6.0.8\spring-web-6.0.8.jar;C:\Users\HP\.m2\repository\javax\servlet\javax.servlet-api\3.1.0\javax.servlet-api-3.1.0.jar;C:\Users\HP\.m2\repository\io\micrometer\micrometer-observation\1.10.6\micrometer-observation-1.10.6.jar;C:\Users\HP\.m2\repository\io\micrometer\micrometer-commons\1.10.6\micrometer-commons-1.10.6.jar;C:\Users\HP\.m2\repository\io\micrometer\micrometer-tracing-bridge-brave\1.0.4\micrometer-tracing-bridge-brave-1.0.4.jar;C:\Users\HP\.m2\repository\io\micrometer\micrometer-tracing\1.0.4\micrometer-tracing-1.0.4.jar;C:\Users\HP\.m2\repository\io\micrometer\context-propagation\1.0.2\context-propagation-1.0.2.jar;C:\Users\HP\.m2\repository\aopalliance\aopalliance\1.0\aopalliance-1.0.jar;C:\Users\HP\.m2\repository\org\slf4j\slf4j-api\2.0.7\slf4j-api-2.0.7.jar;C:\Users\HP\.m2\repository\io\zipkin\brave\brave\5.14.1\brave-5.14.1.jar;C:\Users\HP\.m2\repository\io\zipkin\brave\brave-context-slf4j\5.14.1\brave-context-slf4j-5.14.1.jar;C:\Users\HP\.m2\repository\io\zipkin\brave\brave-instrumentation-http\5.14.1\brave-instrumentation-http-5.14.1.jar;C:\Users\HP\.m2\repository\io\zipkin\aws\brave-propagation-aws\0.23.4\brave-propagation-aws-0.23.4.jar;C:\Users\HP\.m2\repository\io\zipkin\reporter2\zipkin-reporter-brave\2.16.3\zipkin-reporter-brave-2.16.3.jar;C:\Users\HP\.m2\repository\io\zipkin\reporter2\zipkin-reporter\2.16.3\zipkin-reporter-2.16.3.jar;C:\Users\HP\.m2\repository\io\zipkin\zipkin2\zipkin\2.23.2\zipkin-2.23.2.jar;C:\Users\HP\.m2\repository\org\json\json\20230227\json-20230227.jar;C:\Users\HP\.m2\repository\com\jayway\jsonpath\json-path\2.0.0\json-path-2.0.0.jar;C:\Users\HP\.m2\repository\net\minidev\json-smart\2.4.10\json-smart-2.4.10.jar;C:\Users\HP\.m2\repository\net\minidev\accessors-smart\2.4.9\accessors-smart-2.4.9.jar;C:\Users\HP\.m2\repository\org\ow2\asm\asm\9.3\asm-9.3.jar
Launcher Type: SUN_STANDARD

[Global flags]
     intx CICompilerCount                          = 4                                         {product} {ergonomic}
     uint ConcGCThreads                            = 3                                         {product} {ergonomic}
     uint G1ConcRefinementThreads                  = 10                                        {product} {ergonomic}
   size_t G1HeapRegionSize                         = 2097152                                   {product} {ergonomic}
    uintx GCDrainStackTargetSize                   = 64                                        {product} {ergonomic}
   size_t InitialHeapSize                          = 264241152                                 {product} {ergonomic}
     bool ManagementServer                         = true                                      {product} {command line}
   size_t MarkStackSize                            = 4194304                                   {product} {ergonomic}
   size_t MaxHeapSize                              = 4208984064                                {product} {ergonomic}
   size_t MaxNewSize                               = 2524971008                                {product} {ergonomic}
   size_t MinHeapDeltaBytes                        = 2097152                                   {product} {ergonomic}
   size_t MinHeapSize                              = 8388608                                   {product} {ergonomic}
    uintx NonProfiledCodeHeapSize                  = 0                                      {pd product} {ergonomic}
     bool ProfileInterpreter                       = false                                  {pd product} {command line}
    uintx ProfiledCodeHeapSize                     = 0                                      {pd product} {ergonomic}
   size_t SoftMaxHeapSize                          = 4208984064                             {manageable} {ergonomic}
     intx TieredStopAtLevel                        = 1                                         {product} {command line}
     bool UseCompressedClassPointers               = true                           {product lp64_product} {ergonomic}
     bool UseCompressedOops                        = true                           {product lp64_product} {ergonomic}
     bool UseG1GC                                  = true                                      {product} {ergonomic}
     bool UseLargePagesIndividualAllocation        = false                                  {pd product} {ergonomic}

Logging:
Log output configuration:
 #0: stdout all=warning uptime,level,tags foldmultilines=false
 #1: stderr all=off uptime,level,tags foldmultilines=false

Environment Variables:
PATH=C:\Program Files\Common Files\Oracle\Java\javapath;C:\WINDOWS\system32;C:\WINDOWS;C:\WINDOWS\System32\Wbem;C:\WINDOWS\System32\WindowsPowerShell\v1.0\;C:\WINDOWS\System32\OpenSSH\;C:\Program Files\Git\cmd;C:\Users\HP\AppData\Roaming\nvm;C:\Program Files\nodejs;C:\Users\HP\flutter\bin;C:\Program Files\Java\jdk-20\bin;C:\Users\HP\AppData\Local\Microsoft\WindowsApps;C:\Users\HP\AppData\Local\Programs\Microsoft VS Code\bin;C:\Users\HP\AppData\Roaming\npm;C:\Users\HP\AppData\Roaming\nvm;C:\Program Files\nodejs;C:\Users\HP\flutter\bin;
USERNAME=HP
OS=Windows_NT
PROCESSOR_IDENTIFIER=Intel64 Family 6 Model 154 Stepping 4, GenuineIntel
TMP=C:\Users\HP\AppData\Local\Temp
TEMP=C:\Users\HP\AppData\Local\Temp




---------------  S Y S T E M  ---------------

OS:
 Windows 11 , 64 bit Build 22621 (10.0.22621.2428)
OS uptime: 0 days 12:22 hours
Hyper-V role detected

CPU: total 12 (initial active 12) (6 cores per cpu, 2 threads per core) family 6 model 154 stepping 4 microcode 0x42c, cx8, cmov, fxsr, ht, mmx, 3dnowpref, sse, sse2, sse3, ssse3, sse4.1, sse4.2, popcnt, lzcnt, tsc, tscinvbit, avx, avx2, aes, erms, clmul, bmi1, bmi2, adx, sha, fma, vzeroupper, clflush, clflushopt, clwb, hv, serialize, rdtscp, rdpid, fsrm, f16c, cet_ibt, cet_ss

Memory: 4k page, system-wide physical 16055M (4696M free)
TotalPageFile size 25271M (AvailPageFile size 6618M)
current process WorkingSet (physical memory assigned to process): 210M, peak: 237M
current process commit charge ("private bytes"): 293M, peak: 376M

vm_info: Java HotSpot(TM) 64-Bit Server VM (20.0.1+9-29) for windows-amd64 JRE (20.0.1+9-29), built on 2023-03-07T13:56:11Z by "mach5one" with MS VC++ 17.1 (VS2022)

END.
